2019-07-16 12:19:14.903  INFO 1755 --- [restartedMain] cl.lionbit.sga.SgaApplication            : Starting SgaApplication on Francisco-MacBook-Pro.local with PID 1755 (started by havok in /Users/havok/Documents/USM/2019 1 - SEM/Ingenieria de software/Project.nosync/Lionbit/server)
2019-07-16 12:19:14.907  INFO 1755 --- [restartedMain] cl.lionbit.sga.SgaApplication            : No active profile set, falling back to default profiles: default
2019-07-16 12:19:14.939  INFO 1755 --- [restartedMain] .e.DevToolsPropertyDefaultsPostProcessor : Devtools property defaults active! Set 'spring.devtools.add-properties' to 'false' to disable
2019-07-16 12:19:14.939  INFO 1755 --- [restartedMain] .e.DevToolsPropertyDefaultsPostProcessor : For additional web related logging consider setting the 'logging.level.web' property to 'DEBUG'
2019-07-16 12:19:16.093  INFO 1755 --- [restartedMain] .s.d.r.c.RepositoryConfigurationDelegate : Bootstrapping Spring Data repositories in DEFAULT mode.
2019-07-16 12:19:16.171  INFO 1755 --- [restartedMain] .s.d.r.c.RepositoryConfigurationDelegate : Finished Spring Data repository scanning in 60ms. Found 2 repository interfaces.
2019-07-16 12:19:16.569  INFO 1755 --- [restartedMain] trationDelegate$BeanPostProcessorChecker : Bean 'org.springframework.transaction.annotation.ProxyTransactionManagementConfiguration' of type [org.springframework.transaction.annotation.ProxyTransactionManagementConfiguration$$EnhancerBySpringCGLIB$$36ba29b3] is not eligible for getting processed by all BeanPostProcessors (for example: not eligible for auto-proxying)
2019-07-16 12:19:17.045  INFO 1755 --- [restartedMain] o.s.b.w.embedded.tomcat.TomcatWebServer  : Tomcat initialized with port(s): 8088 (http)
2019-07-16 12:19:17.072  INFO 1755 --- [restartedMain] o.apache.catalina.core.StandardService   : Starting service [Tomcat]
2019-07-16 12:19:17.073  INFO 1755 --- [restartedMain] org.apache.catalina.core.StandardEngine  : Starting Servlet engine: [Apache Tomcat/9.0.17]
2019-07-16 12:19:17.181  INFO 1755 --- [restartedMain] o.a.c.c.C.[Tomcat].[localhost].[/]       : Initializing Spring embedded WebApplicationContext
2019-07-16 12:19:17.181  INFO 1755 --- [restartedMain] o.s.web.context.ContextLoader            : Root WebApplicationContext: initialization completed in 2242 ms
2019-07-16 12:19:17.695  INFO 1755 --- [restartedMain] com.zaxxer.hikari.HikariDataSource       : HikariPool-1 - Starting...
2019-07-16 12:19:17.856  INFO 1755 --- [restartedMain] com.zaxxer.hikari.HikariDataSource       : HikariPool-1 - Start completed.
2019-07-16 12:19:17.916  INFO 1755 --- [restartedMain] o.hibernate.jpa.internal.util.LogHelper  : HHH000204: Processing PersistenceUnitInfo [
	name: default
	...]
2019-07-16 12:19:17.978  INFO 1755 --- [restartedMain] org.hibernate.Version                    : HHH000412: Hibernate Core {5.3.9.Final}
2019-07-16 12:19:17.979  INFO 1755 --- [restartedMain] org.hibernate.cfg.Environment            : HHH000206: hibernate.properties not found
2019-07-16 12:19:18.132  INFO 1755 --- [restartedMain] o.hibernate.annotations.common.Version   : HCANN000001: Hibernate Commons Annotations {5.0.4.Final}
2019-07-16 12:19:18.264  INFO 1755 --- [restartedMain] org.hibernate.dialect.Dialect            : HHH000400: Using dialect: org.hibernate.dialect.MySQL5Dialect
2019-07-16 12:19:18.876  INFO 1755 --- [restartedMain] j.LocalContainerEntityManagerFactoryBean : Initialized JPA EntityManagerFactory for persistence unit 'default'
2019-07-16 12:19:18.918  INFO 1755 --- [restartedMain] o.s.b.d.a.OptionalLiveReloadServer       : LiveReload server is running on port 35729
2019-07-16 12:19:19.607  WARN 1755 --- [restartedMain] aWebConfiguration$JpaWebMvcConfiguration : spring.jpa.open-in-view is enabled by default. Therefore, database queries may be performed during view rendering. Explicitly configure spring.jpa.open-in-view to disable this warning
2019-07-16 12:19:19.717  INFO 1755 --- [restartedMain] o.s.b.a.e.web.EndpointLinksResolver      : Exposing 2 endpoint(s) beneath base path '/actuator'
2019-07-16 12:19:19.904  INFO 1755 --- [restartedMain] o.s.s.web.DefaultSecurityFilterChain     : Creating filter chain: any request, [org.springframework.security.web.context.request.async.WebAsyncManagerIntegrationFilter@42d9617d, org.springframework.security.web.context.SecurityContextPersistenceFilter@46c90d98, org.springframework.security.web.header.HeaderWriterFilter@6b9f4942, org.springframework.security.web.csrf.CsrfFilter@2178fa7e, org.springframework.security.web.authentication.logout.LogoutFilter@46f77cfd, org.springframework.security.web.authentication.www.BasicAuthenticationFilter@c650c1, org.springframework.security.web.savedrequest.RequestCacheAwareFilter@512ca84, org.springframework.security.web.servletapi.SecurityContextHolderAwareRequestFilter@32b01e74, org.springframework.security.web.authentication.AnonymousAuthenticationFilter@4772bf9e, org.springframework.security.web.session.SessionManagementFilter@37408eb5, org.springframework.security.web.access.ExceptionTranslationFilter@32c5974e, org.springframework.security.web.access.intercept.FilterSecurityInterceptor@6fed967a]
2019-07-16 12:19:19.927  INFO 1755 --- [restartedMain] pertySourcedRequestMappingHandlerMapping : Mapped URL path [/v2/api-docs] onto method [public org.springframework.http.ResponseEntity<springfox.documentation.spring.web.json.Json> springfox.documentation.swagger2.web.Swagger2Controller.getDocumentation(java.lang.String,javax.servlet.http.HttpServletRequest)]
2019-07-16 12:19:20.058  INFO 1755 --- [restartedMain] o.s.s.concurrent.ThreadPoolTaskExecutor  : Initializing ExecutorService 'applicationTaskExecutor'
2019-07-16 12:19:20.335  INFO 1755 --- [restartedMain] d.s.w.p.DocumentationPluginsBootstrapper : Context refreshed
2019-07-16 12:19:20.359  INFO 1755 --- [restartedMain] d.s.w.p.DocumentationPluginsBootstrapper : Found 1 custom documentation plugin(s)
2019-07-16 12:19:20.395  INFO 1755 --- [restartedMain] s.d.s.w.s.ApiListingReferenceScanner     : Scanning for api listing references
2019-07-16 12:19:20.538  INFO 1755 --- [restartedMain] .d.s.w.r.o.CachingOperationNameGenerator : Generating unique operation named: allUsingGET_1
2019-07-16 12:19:20.543  INFO 1755 --- [restartedMain] .d.s.w.r.o.CachingOperationNameGenerator : Generating unique operation named: createUsingPOST_1
2019-07-16 12:19:20.546  INFO 1755 --- [restartedMain] .d.s.w.r.o.CachingOperationNameGenerator : Generating unique operation named: deleteUsingDELETE_1
2019-07-16 12:19:20.548  INFO 1755 --- [restartedMain] .d.s.w.r.o.CachingOperationNameGenerator : Generating unique operation named: findByIdUsingGET_1
2019-07-16 12:19:20.559  INFO 1755 --- [restartedMain] .d.s.w.r.o.CachingOperationNameGenerator : Generating unique operation named: homeUsingGET_1
2019-07-16 12:19:20.561  INFO 1755 --- [restartedMain] .d.s.w.r.o.CachingOperationNameGenerator : Generating unique operation named: updateUsingPUT_1
2019-07-16 12:19:20.617  INFO 1755 --- [restartedMain] o.s.b.w.embedded.tomcat.TomcatWebServer  : Tomcat started on port(s): 8088 (http) with context path ''
2019-07-16 12:19:20.622  INFO 1755 --- [restartedMain] cl.lionbit.sga.SgaApplication            : Started SgaApplication in 6.018 seconds (JVM running for 11.679)
2019-07-16 12:19:35.000  INFO 1755 --- [http-nio-8088-exec-1] o.a.c.c.C.[Tomcat].[localhost].[/]       : Initializing Spring DispatcherServlet 'dispatcherServlet'
2019-07-16 12:19:35.001  INFO 1755 --- [http-nio-8088-exec-1] o.s.web.servlet.DispatcherServlet        : Initializing Servlet 'dispatcherServlet'
2019-07-16 12:19:35.017  INFO 1755 --- [http-nio-8088-exec-1] o.s.web.servlet.DispatcherServlet        : Completed initialization in 16 ms
2019-07-16 12:19:35.137  INFO 1755 --- [http-nio-8088-exec-1] o.h.h.i.QueryTranslatorFactoryInitiator  : HHH000397: Using ASTQueryTranslatorFactory
2019-07-16 12:19:35.247 DEBUG 1755 --- [http-nio-8088-exec-1] org.hibernate.SQL                        : select student0_.studentid as studenti1_5_, student0_.first_name as first_na2_5_, student0_.last_name as last_nam3_5_, student0_.rol_usm as rol_usm4_5_ from students student0_
2019-07-16 12:21:48.080  INFO 1755 --- [Thread-4] o.s.s.concurrent.ThreadPoolTaskExecutor  : Shutting down ExecutorService 'applicationTaskExecutor'
2019-07-16 12:21:48.091  INFO 1755 --- [Thread-4] j.LocalContainerEntityManagerFactoryBean : Closing JPA EntityManagerFactory for persistence unit 'default'
2019-07-16 12:21:48.112  INFO 1755 --- [Thread-4] com.zaxxer.hikari.HikariDataSource       : HikariPool-1 - Shutdown initiated...
2019-07-16 12:21:48.127  INFO 1755 --- [Thread-4] com.zaxxer.hikari.HikariDataSource       : HikariPool-1 - Shutdown completed.
2019-07-16 12:21:53.423  INFO 1755 --- [restartedMain] cl.lionbit.sga.SgaApplication            : Starting SgaApplication on Francisco-MacBook-Pro.local with PID 1755 (started by havok in /Users/havok/Documents/USM/2019 1 - SEM/Ingenieria de software/Project.nosync/Lionbit/server)
2019-07-16 12:21:53.423  INFO 1755 --- [restartedMain] cl.lionbit.sga.SgaApplication            : No active profile set, falling back to default profiles: default
2019-07-16 12:21:53.873  INFO 1755 --- [restartedMain] .s.d.r.c.RepositoryConfigurationDelegate : Bootstrapping Spring Data repositories in DEFAULT mode.
2019-07-16 12:21:53.883  INFO 1755 --- [restartedMain] .s.d.r.c.RepositoryConfigurationDelegate : Finished Spring Data repository scanning in 9ms. Found 2 repository interfaces.
2019-07-16 12:21:53.949  INFO 1755 --- [restartedMain] trationDelegate$BeanPostProcessorChecker : Bean 'org.springframework.transaction.annotation.ProxyTransactionManagementConfiguration' of type [org.springframework.transaction.annotation.ProxyTransactionManagementConfiguration$$EnhancerBySpringCGLIB$$36ba29b3] is not eligible for getting processed by all BeanPostProcessors (for example: not eligible for auto-proxying)
2019-07-16 12:21:54.032  INFO 1755 --- [restartedMain] o.s.b.w.embedded.tomcat.TomcatWebServer  : Tomcat initialized with port(s): 8088 (http)
2019-07-16 12:21:54.035  INFO 1755 --- [restartedMain] o.apache.catalina.core.StandardService   : Starting service [Tomcat]
2019-07-16 12:21:54.036  INFO 1755 --- [restartedMain] org.apache.catalina.core.StandardEngine  : Starting Servlet engine: [Apache Tomcat/9.0.17]
2019-07-16 12:21:54.045  INFO 1755 --- [restartedMain] o.a.c.c.C.[Tomcat].[localhost].[/]       : Initializing Spring embedded WebApplicationContext
2019-07-16 12:21:54.045  INFO 1755 --- [restartedMain] o.s.web.context.ContextLoader            : Root WebApplicationContext: initialization completed in 620 ms
2019-07-16 12:21:54.251  INFO 1755 --- [restartedMain] com.zaxxer.hikari.HikariDataSource       : HikariPool-2 - Starting...
2019-07-16 12:21:54.260  INFO 1755 --- [restartedMain] com.zaxxer.hikari.HikariDataSource       : HikariPool-2 - Start completed.
2019-07-16 12:21:54.266  INFO 1755 --- [restartedMain] o.hibernate.jpa.internal.util.LogHelper  : HHH000204: Processing PersistenceUnitInfo [
	name: default
	...]
2019-07-16 12:21:54.273  INFO 1755 --- [restartedMain] org.hibernate.dialect.Dialect            : HHH000400: Using dialect: org.hibernate.dialect.MySQL5Dialect
2019-07-16 12:21:54.382  INFO 1755 --- [restartedMain] j.LocalContainerEntityManagerFactoryBean : Initialized JPA EntityManagerFactory for persistence unit 'default'
2019-07-16 12:21:54.399  INFO 1755 --- [restartedMain] o.s.b.d.a.OptionalLiveReloadServer       : LiveReload server is running on port 35729
2019-07-16 12:21:54.700  WARN 1755 --- [restartedMain] aWebConfiguration$JpaWebMvcConfiguration : spring.jpa.open-in-view is enabled by default. Therefore, database queries may be performed during view rendering. Explicitly configure spring.jpa.open-in-view to disable this warning
2019-07-16 12:21:54.752  INFO 1755 --- [restartedMain] o.s.b.a.e.web.EndpointLinksResolver      : Exposing 2 endpoint(s) beneath base path '/actuator'
2019-07-16 12:21:54.797  INFO 1755 --- [restartedMain] o.s.s.web.DefaultSecurityFilterChain     : Creating filter chain: any request, [org.springframework.security.web.context.request.async.WebAsyncManagerIntegrationFilter@3b4601f6, org.springframework.security.web.context.SecurityContextPersistenceFilter@2cf8c26f, org.springframework.security.web.header.HeaderWriterFilter@55623978, org.springframework.security.web.csrf.CsrfFilter@4a6a25be, org.springframework.security.web.authentication.logout.LogoutFilter@5020442, org.springframework.security.web.authentication.www.BasicAuthenticationFilter@21fa20bc, org.springframework.security.web.savedrequest.RequestCacheAwareFilter@54691978, org.springframework.security.web.servletapi.SecurityContextHolderAwareRequestFilter@10044374, org.springframework.security.web.authentication.AnonymousAuthenticationFilter@7c1d7b69, org.springframework.security.web.session.SessionManagementFilter@37a446f0, org.springframework.security.web.access.ExceptionTranslationFilter@7e90df2f, org.springframework.security.web.access.intercept.FilterSecurityInterceptor@54a5fdf2]
2019-07-16 12:21:54.805  INFO 1755 --- [restartedMain] pertySourcedRequestMappingHandlerMapping : Mapped URL path [/v2/api-docs] onto method [public org.springframework.http.ResponseEntity<springfox.documentation.spring.web.json.Json> springfox.documentation.swagger2.web.Swagger2Controller.getDocumentation(java.lang.String,javax.servlet.http.HttpServletRequest)]
2019-07-16 12:21:54.851  INFO 1755 --- [restartedMain] o.s.s.concurrent.ThreadPoolTaskExecutor  : Initializing ExecutorService 'applicationTaskExecutor'
2019-07-16 12:21:54.963  INFO 1755 --- [restartedMain] d.s.w.p.DocumentationPluginsBootstrapper : Context refreshed
2019-07-16 12:21:54.964  INFO 1755 --- [restartedMain] d.s.w.p.DocumentationPluginsBootstrapper : Found 1 custom documentation plugin(s)
2019-07-16 12:21:54.972  INFO 1755 --- [restartedMain] s.d.s.w.s.ApiListingReferenceScanner     : Scanning for api listing references
2019-07-16 12:21:55.006  INFO 1755 --- [restartedMain] .d.s.w.r.o.CachingOperationNameGenerator : Generating unique operation named: allUsingGET_1
2019-07-16 12:21:55.008  INFO 1755 --- [restartedMain] .d.s.w.r.o.CachingOperationNameGenerator : Generating unique operation named: createUsingPOST_1
2019-07-16 12:21:55.009  INFO 1755 --- [restartedMain] .d.s.w.r.o.CachingOperationNameGenerator : Generating unique operation named: deleteUsingDELETE_1
2019-07-16 12:21:55.010  INFO 1755 --- [restartedMain] .d.s.w.r.o.CachingOperationNameGenerator : Generating unique operation named: findByIdUsingGET_1
2019-07-16 12:21:55.015  INFO 1755 --- [restartedMain] .d.s.w.r.o.CachingOperationNameGenerator : Generating unique operation named: homeUsingGET_1
2019-07-16 12:21:55.017  INFO 1755 --- [restartedMain] .d.s.w.r.o.CachingOperationNameGenerator : Generating unique operation named: updateUsingPUT_1
2019-07-16 12:21:55.026  INFO 1755 --- [restartedMain] o.s.b.w.embedded.tomcat.TomcatWebServer  : Tomcat started on port(s): 8088 (http) with context path ''
2019-07-16 12:21:55.026  INFO 1755 --- [restartedMain] cl.lionbit.sga.SgaApplication            : Started SgaApplication in 6.632 seconds (JVM running for 166.085)
2019-07-16 12:21:55.030  INFO 1755 --- [restartedMain] .ConditionEvaluationDeltaLoggingListener : Condition evaluation unchanged
2019-07-16 12:23:03.331  INFO 1755 --- [http-nio-8088-exec-1] o.a.c.c.C.[Tomcat].[localhost].[/]       : Initializing Spring DispatcherServlet 'dispatcherServlet'
2019-07-16 12:23:03.332  INFO 1755 --- [http-nio-8088-exec-1] o.s.web.servlet.DispatcherServlet        : Initializing Servlet 'dispatcherServlet'
2019-07-16 12:23:03.338  INFO 1755 --- [http-nio-8088-exec-1] o.s.web.servlet.DispatcherServlet        : Completed initialization in 6 ms
2019-07-16 12:23:21.373  INFO 1755 --- [Thread-14] o.s.s.concurrent.ThreadPoolTaskExecutor  : Shutting down ExecutorService 'applicationTaskExecutor'
2019-07-16 12:23:21.375  INFO 1755 --- [Thread-14] j.LocalContainerEntityManagerFactoryBean : Closing JPA EntityManagerFactory for persistence unit 'default'
2019-07-16 12:23:21.379  INFO 1755 --- [Thread-14] com.zaxxer.hikari.HikariDataSource       : HikariPool-2 - Shutdown initiated...
2019-07-16 12:23:21.386  INFO 1755 --- [Thread-14] com.zaxxer.hikari.HikariDataSource       : HikariPool-2 - Shutdown completed.
2019-07-16 12:47:18.124  INFO 1879 --- [restartedMain] cl.lionbit.sga.SgaApplication            : Starting SgaApplication on Francisco-MacBook-Pro.local with PID 1879 (started by havok in /Users/havok/Documents/USM/2019 1 - SEM/Ingenieria de software/Project.nosync/Lionbit/server)
2019-07-16 12:47:18.126  INFO 1879 --- [restartedMain] cl.lionbit.sga.SgaApplication            : No active profile set, falling back to default profiles: default
2019-07-16 12:47:18.159  INFO 1879 --- [restartedMain] .e.DevToolsPropertyDefaultsPostProcessor : Devtools property defaults active! Set 'spring.devtools.add-properties' to 'false' to disable
2019-07-16 12:47:18.159  INFO 1879 --- [restartedMain] .e.DevToolsPropertyDefaultsPostProcessor : For additional web related logging consider setting the 'logging.level.web' property to 'DEBUG'
2019-07-16 12:47:19.245  INFO 1879 --- [restartedMain] .s.d.r.c.RepositoryConfigurationDelegate : Bootstrapping Spring Data repositories in DEFAULT mode.
2019-07-16 12:47:19.311  INFO 1879 --- [restartedMain] .s.d.r.c.RepositoryConfigurationDelegate : Finished Spring Data repository scanning in 56ms. Found 2 repository interfaces.
2019-07-16 12:47:19.701  INFO 1879 --- [restartedMain] trationDelegate$BeanPostProcessorChecker : Bean 'org.springframework.transaction.annotation.ProxyTransactionManagementConfiguration' of type [org.springframework.transaction.annotation.ProxyTransactionManagementConfiguration$$EnhancerBySpringCGLIB$$b5a544c4] is not eligible for getting processed by all BeanPostProcessors (for example: not eligible for auto-proxying)
2019-07-16 12:47:19.736  INFO 1879 --- [restartedMain] trationDelegate$BeanPostProcessorChecker : Bean 'org.springframework.security.config.annotation.configuration.ObjectPostProcessorConfiguration' of type [org.springframework.security.config.annotation.configuration.ObjectPostProcessorConfiguration$$EnhancerBySpringCGLIB$$4e530cfe] is not eligible for getting processed by all BeanPostProcessors (for example: not eligible for auto-proxying)
2019-07-16 12:47:19.741  INFO 1879 --- [restartedMain] trationDelegate$BeanPostProcessorChecker : Bean 'objectPostProcessor' of type [org.springframework.security.config.annotation.configuration.AutowireBeanFactoryObjectPostProcessor] is not eligible for getting processed by all BeanPostProcessors (for example: not eligible for auto-proxying)
2019-07-16 12:47:19.743  INFO 1879 --- [restartedMain] trationDelegate$BeanPostProcessorChecker : Bean 'org.springframework.security.access.expression.method.DefaultMethodSecurityExpressionHandler@1d312d1d' of type [org.springframework.security.access.expression.method.DefaultMethodSecurityExpressionHandler] is not eligible for getting processed by all BeanPostProcessors (for example: not eligible for auto-proxying)
2019-07-16 12:47:19.744  INFO 1879 --- [restartedMain] trationDelegate$BeanPostProcessorChecker : Bean 'org.springframework.security.config.annotation.method.configuration.GlobalMethodSecurityConfiguration' of type [org.springframework.security.config.annotation.method.configuration.GlobalMethodSecurityConfiguration$$EnhancerBySpringCGLIB$$7327afb0] is not eligible for getting processed by all BeanPostProcessors (for example: not eligible for auto-proxying)
2019-07-16 12:47:19.747  INFO 1879 --- [restartedMain] trationDelegate$BeanPostProcessorChecker : Bean 'methodSecurityMetadataSource' of type [org.springframework.security.access.method.DelegatingMethodSecurityMetadataSource] is not eligible for getting processed by all BeanPostProcessors (for example: not eligible for auto-proxying)
2019-07-16 12:47:20.098  INFO 1879 --- [restartedMain] o.s.b.w.embedded.tomcat.TomcatWebServer  : Tomcat initialized with port(s): 8088 (http)
2019-07-16 12:47:20.123  INFO 1879 --- [restartedMain] o.apache.catalina.core.StandardService   : Starting service [Tomcat]
2019-07-16 12:47:20.123  INFO 1879 --- [restartedMain] org.apache.catalina.core.StandardEngine  : Starting Servlet engine: [Apache Tomcat/9.0.17]
2019-07-16 12:47:20.206  INFO 1879 --- [restartedMain] o.a.c.c.C.[Tomcat].[localhost].[/]       : Initializing Spring embedded WebApplicationContext
2019-07-16 12:47:20.206  INFO 1879 --- [restartedMain] o.s.web.context.ContextLoader            : Root WebApplicationContext: initialization completed in 2047 ms
2019-07-16 12:47:20.717  INFO 1879 --- [restartedMain] com.zaxxer.hikari.HikariDataSource       : HikariPool-1 - Starting...
2019-07-16 12:47:20.835  INFO 1879 --- [restartedMain] com.zaxxer.hikari.HikariDataSource       : HikariPool-1 - Start completed.
2019-07-16 12:47:20.884  INFO 1879 --- [restartedMain] o.hibernate.jpa.internal.util.LogHelper  : HHH000204: Processing PersistenceUnitInfo [
	name: default
	...]
2019-07-16 12:47:20.963  INFO 1879 --- [restartedMain] org.hibernate.Version                    : HHH000412: Hibernate Core {5.3.9.Final}
2019-07-16 12:47:20.965  INFO 1879 --- [restartedMain] org.hibernate.cfg.Environment            : HHH000206: hibernate.properties not found
2019-07-16 12:47:21.114  INFO 1879 --- [restartedMain] o.hibernate.annotations.common.Version   : HCANN000001: Hibernate Commons Annotations {5.0.4.Final}
2019-07-16 12:47:21.254  INFO 1879 --- [restartedMain] org.hibernate.dialect.Dialect            : HHH000400: Using dialect: org.hibernate.dialect.MySQL5Dialect
2019-07-16 12:47:21.914  INFO 1879 --- [restartedMain] j.LocalContainerEntityManagerFactoryBean : Initialized JPA EntityManagerFactory for persistence unit 'default'
2019-07-16 12:47:21.958  INFO 1879 --- [restartedMain] o.s.b.d.a.OptionalLiveReloadServer       : LiveReload server is running on port 35729
2019-07-16 12:47:22.719  WARN 1879 --- [restartedMain] aWebConfiguration$JpaWebMvcConfiguration : spring.jpa.open-in-view is enabled by default. Therefore, database queries may be performed during view rendering. Explicitly configure spring.jpa.open-in-view to disable this warning
2019-07-16 12:47:22.829  INFO 1879 --- [restartedMain] o.s.b.a.e.web.EndpointLinksResolver      : Exposing 2 endpoint(s) beneath base path '/actuator'
2019-07-16 12:47:23.038  INFO 1879 --- [restartedMain] o.s.s.web.DefaultSecurityFilterChain     : Creating filter chain: any request, [org.springframework.security.web.context.request.async.WebAsyncManagerIntegrationFilter@247e1116, org.springframework.security.web.context.SecurityContextPersistenceFilter@6233f582, org.springframework.security.web.header.HeaderWriterFilter@50c84770, org.springframework.security.web.authentication.logout.LogoutFilter@545df78a, org.springframework.security.web.authentication.UsernamePasswordAuthenticationFilter@3b069d21, org.springframework.security.web.authentication.www.BasicAuthenticationFilter@1bb15a68, org.springframework.security.web.savedrequest.RequestCacheAwareFilter@2b4b5923, org.springframework.security.web.servletapi.SecurityContextHolderAwareRequestFilter@298ea472, org.springframework.security.web.authentication.AnonymousAuthenticationFilter@6039f60c, org.springframework.security.web.session.SessionManagementFilter@2035b2ac, org.springframework.security.web.access.ExceptionTranslationFilter@3343be3d, org.springframework.security.web.access.intercept.FilterSecurityInterceptor@5a31c0]
2019-07-16 12:47:23.067  INFO 1879 --- [restartedMain] pertySourcedRequestMappingHandlerMapping : Mapped URL path [/v2/api-docs] onto method [public org.springframework.http.ResponseEntity<springfox.documentation.spring.web.json.Json> springfox.documentation.swagger2.web.Swagger2Controller.getDocumentation(java.lang.String,javax.servlet.http.HttpServletRequest)]
2019-07-16 12:47:23.239  INFO 1879 --- [restartedMain] o.s.s.concurrent.ThreadPoolTaskExecutor  : Initializing ExecutorService 'applicationTaskExecutor'
2019-07-16 12:47:23.537  INFO 1879 --- [restartedMain] d.s.w.p.DocumentationPluginsBootstrapper : Context refreshed
2019-07-16 12:47:23.559  INFO 1879 --- [restartedMain] d.s.w.p.DocumentationPluginsBootstrapper : Found 1 custom documentation plugin(s)
2019-07-16 12:47:23.590  INFO 1879 --- [restartedMain] s.d.s.w.s.ApiListingReferenceScanner     : Scanning for api listing references
2019-07-16 12:47:23.729  INFO 1879 --- [restartedMain] .d.s.w.r.o.CachingOperationNameGenerator : Generating unique operation named: allUsingGET_1
2019-07-16 12:47:23.732  INFO 1879 --- [restartedMain] .d.s.w.r.o.CachingOperationNameGenerator : Generating unique operation named: createUsingPOST_1
2019-07-16 12:47:23.734  INFO 1879 --- [restartedMain] .d.s.w.r.o.CachingOperationNameGenerator : Generating unique operation named: deleteUsingDELETE_1
2019-07-16 12:47:23.735  INFO 1879 --- [restartedMain] .d.s.w.r.o.CachingOperationNameGenerator : Generating unique operation named: findByIdUsingGET_1
2019-07-16 12:47:23.741  INFO 1879 --- [restartedMain] .d.s.w.r.o.CachingOperationNameGenerator : Generating unique operation named: homeUsingGET_1
2019-07-16 12:47:23.743  INFO 1879 --- [restartedMain] .d.s.w.r.o.CachingOperationNameGenerator : Generating unique operation named: updateUsingPUT_1
2019-07-16 12:47:23.803  INFO 1879 --- [restartedMain] o.s.b.w.embedded.tomcat.TomcatWebServer  : Tomcat started on port(s): 8088 (http) with context path ''
2019-07-16 12:47:23.808  INFO 1879 --- [restartedMain] cl.lionbit.sga.SgaApplication            : Started SgaApplication in 5.966 seconds (JVM running for 11.525)
2019-07-16 12:47:27.643  INFO 1879 --- [http-nio-8088-exec-1] o.a.c.c.C.[Tomcat].[localhost].[/]       : Initializing Spring DispatcherServlet 'dispatcherServlet'
2019-07-16 12:47:27.644  INFO 1879 --- [http-nio-8088-exec-1] o.s.web.servlet.DispatcherServlet        : Initializing Servlet 'dispatcherServlet'
2019-07-16 12:47:27.665  INFO 1879 --- [http-nio-8088-exec-1] o.s.web.servlet.DispatcherServlet        : Completed initialization in 21 ms
2019-07-16 12:47:36.911  INFO 1879 --- [http-nio-8088-exec-3] o.h.h.i.QueryTranslatorFactoryInitiator  : HHH000397: Using ASTQueryTranslatorFactory
2019-07-16 12:47:37.001 DEBUG 1879 --- [http-nio-8088-exec-3] org.hibernate.SQL                        : select student0_.studentid as studenti1_5_, student0_.first_name as first_na2_5_, student0_.last_name as last_nam3_5_, student0_.rol_usm as rol_usm4_5_ from students student0_
2019-07-16 12:49:49.204  INFO 1879 --- [Thread-4] o.s.s.concurrent.ThreadPoolTaskExecutor  : Shutting down ExecutorService 'applicationTaskExecutor'
2019-07-16 12:49:49.208  INFO 1879 --- [Thread-4] j.LocalContainerEntityManagerFactoryBean : Closing JPA EntityManagerFactory for persistence unit 'default'
2019-07-16 12:49:49.213  INFO 1879 --- [Thread-4] com.zaxxer.hikari.HikariDataSource       : HikariPool-1 - Shutdown initiated...
2019-07-16 12:49:49.227  INFO 1879 --- [Thread-4] com.zaxxer.hikari.HikariDataSource       : HikariPool-1 - Shutdown completed.
2019-07-16 12:49:54.405  INFO 1879 --- [restartedMain] cl.lionbit.sga.SgaApplication            : Starting SgaApplication on Francisco-MacBook-Pro.local with PID 1879 (started by havok in /Users/havok/Documents/USM/2019 1 - SEM/Ingenieria de software/Project.nosync/Lionbit/server)
2019-07-16 12:49:54.405  INFO 1879 --- [restartedMain] cl.lionbit.sga.SgaApplication            : No active profile set, falling back to default profiles: default
2019-07-16 12:49:54.838  INFO 1879 --- [restartedMain] .s.d.r.c.RepositoryConfigurationDelegate : Bootstrapping Spring Data repositories in DEFAULT mode.
2019-07-16 12:49:54.847  INFO 1879 --- [restartedMain] .s.d.r.c.RepositoryConfigurationDelegate : Finished Spring Data repository scanning in 9ms. Found 2 repository interfaces.
2019-07-16 12:49:54.899  INFO 1879 --- [restartedMain] trationDelegate$BeanPostProcessorChecker : Bean 'org.springframework.transaction.annotation.ProxyTransactionManagementConfiguration' of type [org.springframework.transaction.annotation.ProxyTransactionManagementConfiguration$$EnhancerBySpringCGLIB$$b5a544c4] is not eligible for getting processed by all BeanPostProcessors (for example: not eligible for auto-proxying)
2019-07-16 12:49:54.903  INFO 1879 --- [restartedMain] trationDelegate$BeanPostProcessorChecker : Bean 'org.springframework.security.config.annotation.configuration.ObjectPostProcessorConfiguration' of type [org.springframework.security.config.annotation.configuration.ObjectPostProcessorConfiguration$$EnhancerBySpringCGLIB$$4e530cfe] is not eligible for getting processed by all BeanPostProcessors (for example: not eligible for auto-proxying)
2019-07-16 12:49:54.904  INFO 1879 --- [restartedMain] trationDelegate$BeanPostProcessorChecker : Bean 'objectPostProcessor' of type [org.springframework.security.config.annotation.configuration.AutowireBeanFactoryObjectPostProcessor] is not eligible for getting processed by all BeanPostProcessors (for example: not eligible for auto-proxying)
2019-07-16 12:49:54.905  INFO 1879 --- [restartedMain] trationDelegate$BeanPostProcessorChecker : Bean 'org.springframework.security.access.expression.method.DefaultMethodSecurityExpressionHandler@65c880f' of type [org.springframework.security.access.expression.method.DefaultMethodSecurityExpressionHandler] is not eligible for getting processed by all BeanPostProcessors (for example: not eligible for auto-proxying)
2019-07-16 12:49:54.905  INFO 1879 --- [restartedMain] trationDelegate$BeanPostProcessorChecker : Bean 'org.springframework.security.config.annotation.method.configuration.GlobalMethodSecurityConfiguration' of type [org.springframework.security.config.annotation.method.configuration.GlobalMethodSecurityConfiguration$$EnhancerBySpringCGLIB$$7327afb0] is not eligible for getting processed by all BeanPostProcessors (for example: not eligible for auto-proxying)
2019-07-16 12:49:54.906  INFO 1879 --- [restartedMain] trationDelegate$BeanPostProcessorChecker : Bean 'methodSecurityMetadataSource' of type [org.springframework.security.access.method.DelegatingMethodSecurityMetadataSource] is not eligible for getting processed by all BeanPostProcessors (for example: not eligible for auto-proxying)
2019-07-16 12:49:54.987  INFO 1879 --- [restartedMain] o.s.b.w.embedded.tomcat.TomcatWebServer  : Tomcat initialized with port(s): 8088 (http)
2019-07-16 12:49:54.989  INFO 1879 --- [restartedMain] o.apache.catalina.core.StandardService   : Starting service [Tomcat]
2019-07-16 12:49:54.989  INFO 1879 --- [restartedMain] org.apache.catalina.core.StandardEngine  : Starting Servlet engine: [Apache Tomcat/9.0.17]
2019-07-16 12:49:54.997  INFO 1879 --- [restartedMain] o.a.c.c.C.[Tomcat].[localhost].[/]       : Initializing Spring embedded WebApplicationContext
2019-07-16 12:49:54.997  INFO 1879 --- [restartedMain] o.s.web.context.ContextLoader            : Root WebApplicationContext: initialization completed in 590 ms
2019-07-16 12:49:55.247  INFO 1879 --- [restartedMain] com.zaxxer.hikari.HikariDataSource       : HikariPool-2 - Starting...
2019-07-16 12:49:55.260  INFO 1879 --- [restartedMain] com.zaxxer.hikari.HikariDataSource       : HikariPool-2 - Start completed.
2019-07-16 12:49:55.266  INFO 1879 --- [restartedMain] o.hibernate.jpa.internal.util.LogHelper  : HHH000204: Processing PersistenceUnitInfo [
	name: default
	...]
2019-07-16 12:49:55.273  INFO 1879 --- [restartedMain] org.hibernate.dialect.Dialect            : HHH000400: Using dialect: org.hibernate.dialect.MySQL5Dialect
2019-07-16 12:49:55.381  INFO 1879 --- [restartedMain] j.LocalContainerEntityManagerFactoryBean : Initialized JPA EntityManagerFactory for persistence unit 'default'
2019-07-16 12:49:55.407  INFO 1879 --- [restartedMain] o.s.b.d.a.OptionalLiveReloadServer       : LiveReload server is running on port 35729
2019-07-16 12:49:55.768  WARN 1879 --- [restartedMain] aWebConfiguration$JpaWebMvcConfiguration : spring.jpa.open-in-view is enabled by default. Therefore, database queries may be performed during view rendering. Explicitly configure spring.jpa.open-in-view to disable this warning
2019-07-16 12:49:55.837  INFO 1879 --- [restartedMain] o.s.b.a.e.web.EndpointLinksResolver      : Exposing 2 endpoint(s) beneath base path '/actuator'
2019-07-16 12:49:55.921  INFO 1879 --- [restartedMain] o.s.s.web.DefaultSecurityFilterChain     : Creating filter chain: any request, [org.springframework.security.web.context.request.async.WebAsyncManagerIntegrationFilter@5be69d20, org.springframework.security.web.context.SecurityContextPersistenceFilter@1568509e, org.springframework.security.web.header.HeaderWriterFilter@ffdd00c, org.springframework.security.web.authentication.logout.LogoutFilter@579e1e8e, org.springframework.security.web.authentication.UsernamePasswordAuthenticationFilter@1cf440fb, org.springframework.security.web.authentication.www.BasicAuthenticationFilter@46011c83, org.springframework.security.web.savedrequest.RequestCacheAwareFilter@3169b9f4, org.springframework.security.web.servletapi.SecurityContextHolderAwareRequestFilter@50f56265, org.springframework.security.web.authentication.AnonymousAuthenticationFilter@4e6e9402, org.springframework.security.web.session.SessionManagementFilter@78ffe26f, org.springframework.security.web.access.ExceptionTranslationFilter@c951619, org.springframework.security.web.access.intercept.FilterSecurityInterceptor@92397c1]
2019-07-16 12:49:55.930  INFO 1879 --- [restartedMain] pertySourcedRequestMappingHandlerMapping : Mapped URL path [/v2/api-docs] onto method [public org.springframework.http.ResponseEntity<springfox.documentation.spring.web.json.Json> springfox.documentation.swagger2.web.Swagger2Controller.getDocumentation(java.lang.String,javax.servlet.http.HttpServletRequest)]
2019-07-16 12:49:56.013  INFO 1879 --- [restartedMain] o.s.s.concurrent.ThreadPoolTaskExecutor  : Initializing ExecutorService 'applicationTaskExecutor'
2019-07-16 12:49:56.138  INFO 1879 --- [restartedMain] d.s.w.p.DocumentationPluginsBootstrapper : Context refreshed
2019-07-16 12:49:56.139  INFO 1879 --- [restartedMain] d.s.w.p.DocumentationPluginsBootstrapper : Found 1 custom documentation plugin(s)
2019-07-16 12:49:56.147  INFO 1879 --- [restartedMain] s.d.s.w.s.ApiListingReferenceScanner     : Scanning for api listing references
2019-07-16 12:49:56.179  INFO 1879 --- [restartedMain] .d.s.w.r.o.CachingOperationNameGenerator : Generating unique operation named: allUsingGET_1
2019-07-16 12:49:56.182  INFO 1879 --- [restartedMain] .d.s.w.r.o.CachingOperationNameGenerator : Generating unique operation named: createUsingPOST_1
2019-07-16 12:49:56.183  INFO 1879 --- [restartedMain] .d.s.w.r.o.CachingOperationNameGenerator : Generating unique operation named: deleteUsingDELETE_1
2019-07-16 12:49:56.184  INFO 1879 --- [restartedMain] .d.s.w.r.o.CachingOperationNameGenerator : Generating unique operation named: findByIdUsingGET_1
2019-07-16 12:49:56.188  INFO 1879 --- [restartedMain] .d.s.w.r.o.CachingOperationNameGenerator : Generating unique operation named: homeUsingGET_1
2019-07-16 12:49:56.190  INFO 1879 --- [restartedMain] .d.s.w.r.o.CachingOperationNameGenerator : Generating unique operation named: updateUsingPUT_1
2019-07-16 12:49:56.199  INFO 1879 --- [restartedMain] o.s.b.w.embedded.tomcat.TomcatWebServer  : Tomcat started on port(s): 8088 (http) with context path ''
2019-07-16 12:49:56.200  INFO 1879 --- [restartedMain] cl.lionbit.sga.SgaApplication            : Started SgaApplication in 6.828 seconds (JVM running for 163.919)
2019-07-16 12:49:56.204  INFO 1879 --- [restartedMain] .ConditionEvaluationDeltaLoggingListener : Condition evaluation unchanged
2019-07-16 12:50:00.928  INFO 1879 --- [http-nio-8088-exec-1] o.a.c.c.C.[Tomcat].[localhost].[/]       : Initializing Spring DispatcherServlet 'dispatcherServlet'
2019-07-16 12:50:00.929  INFO 1879 --- [http-nio-8088-exec-1] o.s.web.servlet.DispatcherServlet        : Initializing Servlet 'dispatcherServlet'
2019-07-16 12:50:00.938  INFO 1879 --- [http-nio-8088-exec-1] o.s.web.servlet.DispatcherServlet        : Completed initialization in 9 ms
2019-07-16 12:50:31.816  INFO 1879 --- [Thread-9] o.s.s.concurrent.ThreadPoolTaskExecutor  : Shutting down ExecutorService 'applicationTaskExecutor'
2019-07-16 12:50:31.817  INFO 1879 --- [Thread-9] j.LocalContainerEntityManagerFactoryBean : Closing JPA EntityManagerFactory for persistence unit 'default'
2019-07-16 12:50:31.818  INFO 1879 --- [Thread-9] com.zaxxer.hikari.HikariDataSource       : HikariPool-2 - Shutdown initiated...
2019-07-16 12:50:31.825  INFO 1879 --- [Thread-9] com.zaxxer.hikari.HikariDataSource       : HikariPool-2 - Shutdown completed.
2019-07-16 12:50:36.922  INFO 1879 --- [restartedMain] cl.lionbit.sga.SgaApplication            : Starting SgaApplication on Francisco-MacBook-Pro.local with PID 1879 (started by havok in /Users/havok/Documents/USM/2019 1 - SEM/Ingenieria de software/Project.nosync/Lionbit/server)
2019-07-16 12:50:36.923  INFO 1879 --- [restartedMain] cl.lionbit.sga.SgaApplication            : No active profile set, falling back to default profiles: default
2019-07-16 12:50:37.281  INFO 1879 --- [restartedMain] .s.d.r.c.RepositoryConfigurationDelegate : Bootstrapping Spring Data repositories in DEFAULT mode.
2019-07-16 12:50:37.289  INFO 1879 --- [restartedMain] .s.d.r.c.RepositoryConfigurationDelegate : Finished Spring Data repository scanning in 8ms. Found 2 repository interfaces.
2019-07-16 12:50:37.342  INFO 1879 --- [restartedMain] trationDelegate$BeanPostProcessorChecker : Bean 'org.springframework.transaction.annotation.ProxyTransactionManagementConfiguration' of type [org.springframework.transaction.annotation.ProxyTransactionManagementConfiguration$$EnhancerBySpringCGLIB$$b5a544c4] is not eligible for getting processed by all BeanPostProcessors (for example: not eligible for auto-proxying)
2019-07-16 12:50:37.346  INFO 1879 --- [restartedMain] trationDelegate$BeanPostProcessorChecker : Bean 'org.springframework.security.config.annotation.configuration.ObjectPostProcessorConfiguration' of type [org.springframework.security.config.annotation.configuration.ObjectPostProcessorConfiguration$$EnhancerBySpringCGLIB$$4e530cfe] is not eligible for getting processed by all BeanPostProcessors (for example: not eligible for auto-proxying)
2019-07-16 12:50:37.347  INFO 1879 --- [restartedMain] trationDelegate$BeanPostProcessorChecker : Bean 'objectPostProcessor' of type [org.springframework.security.config.annotation.configuration.AutowireBeanFactoryObjectPostProcessor] is not eligible for getting processed by all BeanPostProcessors (for example: not eligible for auto-proxying)
2019-07-16 12:50:37.347  INFO 1879 --- [restartedMain] trationDelegate$BeanPostProcessorChecker : Bean 'org.springframework.security.access.expression.method.DefaultMethodSecurityExpressionHandler@3df8f168' of type [org.springframework.security.access.expression.method.DefaultMethodSecurityExpressionHandler] is not eligible for getting processed by all BeanPostProcessors (for example: not eligible for auto-proxying)
2019-07-16 12:50:37.348  INFO 1879 --- [restartedMain] trationDelegate$BeanPostProcessorChecker : Bean 'org.springframework.security.config.annotation.method.configuration.GlobalMethodSecurityConfiguration' of type [org.springframework.security.config.annotation.method.configuration.GlobalMethodSecurityConfiguration$$EnhancerBySpringCGLIB$$7327afb0] is not eligible for getting processed by all BeanPostProcessors (for example: not eligible for auto-proxying)
2019-07-16 12:50:37.348  INFO 1879 --- [restartedMain] trationDelegate$BeanPostProcessorChecker : Bean 'methodSecurityMetadataSource' of type [org.springframework.security.access.method.DelegatingMethodSecurityMetadataSource] is not eligible for getting processed by all BeanPostProcessors (for example: not eligible for auto-proxying)
2019-07-16 12:50:37.427  INFO 1879 --- [restartedMain] o.s.b.w.embedded.tomcat.TomcatWebServer  : Tomcat initialized with port(s): 8088 (http)
2019-07-16 12:50:37.429  INFO 1879 --- [restartedMain] o.apache.catalina.core.StandardService   : Starting service [Tomcat]
2019-07-16 12:50:37.429  INFO 1879 --- [restartedMain] org.apache.catalina.core.StandardEngine  : Starting Servlet engine: [Apache Tomcat/9.0.17]
2019-07-16 12:50:37.437  INFO 1879 --- [restartedMain] o.a.c.c.C.[Tomcat].[localhost].[/]       : Initializing Spring embedded WebApplicationContext
2019-07-16 12:50:37.438  INFO 1879 --- [restartedMain] o.s.web.context.ContextLoader            : Root WebApplicationContext: initialization completed in 514 ms
2019-07-16 12:50:37.689  INFO 1879 --- [restartedMain] com.zaxxer.hikari.HikariDataSource       : HikariPool-3 - Starting...
2019-07-16 12:50:37.698  INFO 1879 --- [restartedMain] com.zaxxer.hikari.HikariDataSource       : HikariPool-3 - Start completed.
2019-07-16 12:50:37.704  INFO 1879 --- [restartedMain] o.hibernate.jpa.internal.util.LogHelper  : HHH000204: Processing PersistenceUnitInfo [
	name: default
	...]
2019-07-16 12:50:37.709  INFO 1879 --- [restartedMain] org.hibernate.dialect.Dialect            : HHH000400: Using dialect: org.hibernate.dialect.MySQL5Dialect
2019-07-16 12:50:37.795  INFO 1879 --- [restartedMain] j.LocalContainerEntityManagerFactoryBean : Initialized JPA EntityManagerFactory for persistence unit 'default'
2019-07-16 12:50:37.819  INFO 1879 --- [restartedMain] o.s.b.d.a.OptionalLiveReloadServer       : LiveReload server is running on port 35729
2019-07-16 12:50:38.179  WARN 1879 --- [restartedMain] aWebConfiguration$JpaWebMvcConfiguration : spring.jpa.open-in-view is enabled by default. Therefore, database queries may be performed during view rendering. Explicitly configure spring.jpa.open-in-view to disable this warning
2019-07-16 12:50:38.236  INFO 1879 --- [restartedMain] o.s.b.a.e.web.EndpointLinksResolver      : Exposing 2 endpoint(s) beneath base path '/actuator'
2019-07-16 12:50:38.311  INFO 1879 --- [restartedMain] o.s.s.web.DefaultSecurityFilterChain     : Creating filter chain: any request, [org.springframework.security.web.context.request.async.WebAsyncManagerIntegrationFilter@7b9b3294, org.springframework.security.web.context.SecurityContextPersistenceFilter@2aeb8220, org.springframework.security.web.header.HeaderWriterFilter@4d186332, org.springframework.security.web.authentication.logout.LogoutFilter@45318f6c, org.springframework.security.web.authentication.UsernamePasswordAuthenticationFilter@70cfbb44, org.springframework.security.web.authentication.www.BasicAuthenticationFilter@4577319d, org.springframework.security.web.savedrequest.RequestCacheAwareFilter@51a97862, org.springframework.security.web.servletapi.SecurityContextHolderAwareRequestFilter@5f269096, org.springframework.security.web.authentication.AnonymousAuthenticationFilter@19996081, org.springframework.security.web.session.SessionManagementFilter@1781a187, org.springframework.security.web.access.ExceptionTranslationFilter@7cf9ec9, org.springframework.security.web.access.intercept.FilterSecurityInterceptor@11ce65db]
2019-07-16 12:50:38.320  INFO 1879 --- [restartedMain] pertySourcedRequestMappingHandlerMapping : Mapped URL path [/v2/api-docs] onto method [public org.springframework.http.ResponseEntity<springfox.documentation.spring.web.json.Json> springfox.documentation.swagger2.web.Swagger2Controller.getDocumentation(java.lang.String,javax.servlet.http.HttpServletRequest)]
2019-07-16 12:50:38.404  INFO 1879 --- [restartedMain] o.s.s.concurrent.ThreadPoolTaskExecutor  : Initializing ExecutorService 'applicationTaskExecutor'
2019-07-16 12:50:38.530  INFO 1879 --- [restartedMain] d.s.w.p.DocumentationPluginsBootstrapper : Context refreshed
2019-07-16 12:50:38.531  INFO 1879 --- [restartedMain] d.s.w.p.DocumentationPluginsBootstrapper : Found 1 custom documentation plugin(s)
2019-07-16 12:50:38.538  INFO 1879 --- [restartedMain] s.d.s.w.s.ApiListingReferenceScanner     : Scanning for api listing references
2019-07-16 12:50:38.567  INFO 1879 --- [restartedMain] .d.s.w.r.o.CachingOperationNameGenerator : Generating unique operation named: allUsingGET_1
2019-07-16 12:50:38.570  INFO 1879 --- [restartedMain] .d.s.w.r.o.CachingOperationNameGenerator : Generating unique operation named: createUsingPOST_1
2019-07-16 12:50:38.571  INFO 1879 --- [restartedMain] .d.s.w.r.o.CachingOperationNameGenerator : Generating unique operation named: deleteUsingDELETE_1
2019-07-16 12:50:38.572  INFO 1879 --- [restartedMain] .d.s.w.r.o.CachingOperationNameGenerator : Generating unique operation named: findByIdUsingGET_1
2019-07-16 12:50:38.576  INFO 1879 --- [restartedMain] .d.s.w.r.o.CachingOperationNameGenerator : Generating unique operation named: homeUsingGET_1
2019-07-16 12:50:38.577  INFO 1879 --- [restartedMain] .d.s.w.r.o.CachingOperationNameGenerator : Generating unique operation named: updateUsingPUT_1
2019-07-16 12:50:38.586  INFO 1879 --- [restartedMain] o.s.b.w.embedded.tomcat.TomcatWebServer  : Tomcat started on port(s): 8088 (http) with context path ''
2019-07-16 12:50:38.587  INFO 1879 --- [restartedMain] cl.lionbit.sga.SgaApplication            : Started SgaApplication in 6.687 seconds (JVM running for 206.307)
2019-07-16 12:50:38.591  INFO 1879 --- [restartedMain] .ConditionEvaluationDeltaLoggingListener : Condition evaluation unchanged
2019-07-16 12:50:41.769  INFO 1879 --- [http-nio-8088-exec-1] o.a.c.c.C.[Tomcat].[localhost].[/]       : Initializing Spring DispatcherServlet 'dispatcherServlet'
2019-07-16 12:50:41.770  INFO 1879 --- [http-nio-8088-exec-1] o.s.web.servlet.DispatcherServlet        : Initializing Servlet 'dispatcherServlet'
2019-07-16 12:50:41.775  INFO 1879 --- [http-nio-8088-exec-1] o.s.web.servlet.DispatcherServlet        : Completed initialization in 5 ms
2019-07-16 12:56:33.602  INFO 1879 --- [http-nio-8088-exec-6] o.h.h.i.QueryTranslatorFactoryInitiator  : HHH000397: Using ASTQueryTranslatorFactory
2019-07-16 12:56:33.610 DEBUG 1879 --- [http-nio-8088-exec-6] org.hibernate.SQL                        : select student0_.studentid as studenti1_5_, student0_.first_name as first_na2_5_, student0_.last_name as last_nam3_5_, student0_.rol_usm as rol_usm4_5_ from students student0_
2019-07-16 12:56:50.296 DEBUG 1879 --- [http-nio-8088-exec-4] org.hibernate.SQL                        : select student0_.studentid as studenti1_5_, student0_.first_name as first_na2_5_, student0_.last_name as last_nam3_5_, student0_.rol_usm as rol_usm4_5_ from students student0_
2019-07-16 12:57:10.449 DEBUG 1879 --- [http-nio-8088-exec-10] org.hibernate.SQL                        : select teacher0_.id as id1_7_, teacher0_.lastname as lastname2_7_, teacher0_.name as name3_7_, teacher0_.rut as rut4_7_ from teachers teacher0_
2019-07-16 12:58:16.216  WARN 1879 --- [http-nio-8088-exec-3] o.s.web.servlet.PageNotFound             : Request method 'POST' not supported
2019-07-16 12:58:16.220  WARN 1879 --- [http-nio-8088-exec-3] .m.m.a.ExceptionHandlerExceptionResolver : Resolved [org.springframework.web.HttpRequestMethodNotSupportedException: Request method 'POST' not supported]
2019-07-16 12:58:50.512  WARN 1879 --- [http-nio-8088-exec-5] o.s.web.servlet.PageNotFound             : Request method 'POST' not supported
2019-07-16 12:58:50.513  WARN 1879 --- [http-nio-8088-exec-5] .m.m.a.ExceptionHandlerExceptionResolver : Resolved [org.springframework.web.HttpRequestMethodNotSupportedException: Request method 'POST' not supported]
2019-07-16 12:59:06.129  WARN 1879 --- [http-nio-8088-exec-4] o.s.web.servlet.PageNotFound             : Request method 'POST' not supported
2019-07-16 12:59:06.130  WARN 1879 --- [http-nio-8088-exec-4] .m.m.a.ExceptionHandlerExceptionResolver : Resolved [org.springframework.web.HttpRequestMethodNotSupportedException: Request method 'POST' not supported]
